<?xml version="1.0" encoding="UTF-8"?>
<!-- Generated by org.testng.reporters.JUnitXMLReporter -->
<testsuite ignored="0" hostname="ADMINRG-B4GU5HF" failures="1" tests="1" name="Testsuite" time="0.05" errors="0" timestamp="2023-09-08T20:36:29 IST">
  <testcase classname="Project.FacebookTest.Sample" name="f" time="0.0">
    <failure type="org.testng.TestNGException" message="
Parameter &amp;apos;name&amp;apos; is required by @Test on method f but has not been marked @Optional or defined
in C:\Users\lenovo\eclipse-workspace\Facebook\suite file\testng.xml">
      <![CDATA[org.testng.TestNGException: 
Parameter 'name' is required by @Test on method f but has not been marked @Optional or defined
in C:\Users\lenovo\eclipse-workspace\Facebook\suite file\testng.xml
at java.base/java.util.ArrayList.forEach(ArrayList.java:1511)
... Removed 26 stack frames]]>
    </failure>
  </testcase> <!-- f -->
</testsuite> <!-- Testsuite -->
